<?xml version="1.0" encoding="UTF-8"?>
<robot generator="Robot 7.0 (Python 3.10.1 on win32)" generated="2024-04-11T22:33:31.505031" rpa="false" schemaversion="5">
<suite id="s1" name="Test Cases" source="C:\Users\HP\testai\test_cases.robot">
<test id="s1-t1" name="Open Google.com Test" line="5">
<kw name="Open Browser" owner="SeleniumLibrary">
<msg time="2024-04-11T22:33:31.710875" level="INFO">Opening browser 'Chrome' to base url 'https://www.google.com'.</msg>
<arg>https://www.google.com</arg>
<arg>Chrome</arg>
<doc>Opens a new browser instance to the optional ``url``.</doc>
<status status="PASS" start="2024-04-11T22:33:31.710875" elapsed="2.270535"/>
</kw>
<kw name="Maximize Browser Window" owner="SeleniumLibrary">
<doc>Maximizes current browser window.</doc>
<status status="PASS" start="2024-04-11T22:33:33.981410" elapsed="0.119106"/>
</kw>
<kw name="Close Browser" owner="SeleniumLibrary" type="TEARDOWN">
<doc>Closes the current browser.</doc>
<status status="PASS" start="2024-04-11T22:33:34.100516" elapsed="2.147811"/>
</kw>
<status status="PASS" start="2024-04-11T22:33:31.709863" elapsed="4.538464"/>
</test>
<status status="PASS" start="2024-04-11T22:33:31.507027" elapsed="4.742308"/>
</suite>
<statistics>
<total>
<stat pass="1" fail="0" skip="0">All Tests</stat>
</total>
<tag>
</tag>
<suite>
<stat pass="1" fail="0" skip="0" id="s1" name="Test Cases">Test Cases</stat>
</suite>
</statistics>
<errors>
</errors>
</robot>
